#
# A fatal error has been detected by the Java Runtime Environment:
#
#  SIGSEGV (0xb) at pc=0x000000016b6e4148, pid=90878, tid=22787
#
# JRE version: OpenJDK Runtime Environment Zulu15.40+19-CA (15.0.7+4) (build 15.0.7+4-MTS)
# Java VM: OpenJDK 64-Bit Server VM Zulu15.40+19-CA (15.0.7+4-MTS, mixed mode, tiered, compressed oops, g1 gc, bsd-aarch64)
# Problematic frame:
# V  [libjvm.dylib+0x8e8148]  Type::Initialize(Compile*)+0x0
#
# No core dump will be written. Core dumps have been disabled. To enable core dumping, try "ulimit -c unlimited" before starting Java again
#
# If you would like to submit a bug report, please visit:
#   http://www.azul.com/support/
#

---------------  S U M M A R Y ------------

Command Line: -Dfile.encoding=UTF8 -ea -Xmx1024m 

Host: MacBookAir10,1 arm64 1 MHz, 8 cores, 8G, Darwin 21.4.0
Time: Tue Jul 12 19:48:47 2022 UTC elapsed time: 0.080159 seconds (0d 0h 0m 0s)

---------------  T H R E A D  ---------------

Current thread (0x00000001524da600):  JavaThread "C2 CompilerThread0" daemon [_thread_in_vm, id=22787, stack(0x0000000294328000,0x000000029452b000)]

Stack: [0x0000000294328000,0x000000029452b000],  sp=0x00000002945297e0,  free space=2053k
Native frames: (J=compiled Java code, A=aot compiled Java code, j=interpreted, Vv=VM code, C=native code)
V  [libjvm.dylib+0x8e8148]  Type::Initialize(Compile*)+0x0
V  [libjvm.dylib+0x796fd4]  OptoRuntime::generate_stub(ciEnv*, TypeFunc const* (*)(), unsigned char*, char const*, int, bool, bool, bool)+0xb0
V  [libjvm.dylib+0x796bfc]  OptoRuntime::generate(ciEnv*)+0x44
V  [libjvm.dylib+0x19e370]  C2Compiler::initialize()+0xfc
V  [libjvm.dylib+0x237540]  CompileBroker::init_compiler_runtime()+0x148
V  [libjvm.dylib+0x237bf0]  CompileBroker::compiler_thread_loop()+0x1cc
V  [libjvm.dylib+0x8cb660]  JavaThread::thread_main_inner()+0xa0
V  [libjvm.dylib+0x8c8b5c]  Thread::call_run()+0x88
V  [libjvm.dylib+0x711b78]  thread_native_entry(Thread*)+0x1d0
C  [libsystem_pthread.dylib+0x726c]  _pthread_start+0x94


siginfo: si_signo: 11 (SIGSEGV), si_code: 2 (SEGV_ACCERR), si_addr: 0x000000016b6e4148

Register to memory mapping:

 x0=0x000000029452a348 is pointing into the stack for thread: 0x00000001524da600
 x1=0x0 is NULL
 x2=0xfffffffffffffff0 is an unknown value
 x3=0x00000001407268b0 points into unknown readable memory: 0x0000000000000000 | 00 00 00 00 00 00 00 00
 x4=0x0000000140726840 points into unknown readable memory: 0x0000000000000000 | 00 00 00 00 00 00 00 00
 x5=0x0 is NULL
 x6=0x0000000000000001 is an unknown value
 x7=0x0 is NULL
 x8=0x000000029452ab40 is pointing into the stack for thread: 0x00000001524da600
 x9=0x0000000140726bb8 points into unknown readable memory: 0x0000000000000000 | 00 00 00 00 00 00 00 00
x10=0x000000029452ab10 is pointing into the stack for thread: 0x00000001524da600
x11=0x0000000008000000 is an unknown value
x12=0x0000000008000000 is an unknown value
x13=0x0000000018000000 is an unknown value
x14=0x000000016b77ed33 is pointing into the stack for thread: 0x00000001513a7600
x15=0x0000000000000002 is an unknown value
x16=0x00000001be25cdc0: __bzero+0 in /usr/lib/system/libsystem_platform.dylib at 0x00000001be259000
x17=0x00006000026f8cf0 points into unknown readable memory: 0x0000000000000000 | 00 00 00 00 00 00 00 00
x18=0x0 is NULL
x19=0x000000029452a348 is pointing into the stack for thread: 0x00000001524da600
x20=0x0000000000000001 is an unknown value
x21=0x0 is NULL
x22=0x000000016b7c74d6 is pointing into the stack for thread: 0x00000001513a7600
x23=0x000000016b5930a4: _ZN11OptoRuntime14new_instance_CEP5KlassP10JavaThread+0 in /Library/Java/JavaVirtualMachines/zulu-15.jdk/Contents/Home/lib/server/libjvm.dylib at 0x000000016adfc000
x24=0x000000029452a468 is pointing into the stack for thread: 0x00000001524da600
x25=0x000000016b593038: _ZN11OptoRuntime17new_instance_TypeEv+0 in /Library/Java/JavaVirtualMachines/zulu-15.jdk/Contents/Home/lib/server/libjvm.dylib at 0x000000016adfc000
x26=0x000000029452a5c8 is pointing into the stack for thread: 0x00000001524da600
x27=0x000000016b8fb407 is pointing into the stack for thread: 0x00000001513a7600
x28=0x000000016b593038: _ZN11OptoRuntime17new_instance_TypeEv+0 in /Library/Java/JavaVirtualMachines/zulu-15.jdk/Contents/Home/lib/server/libjvm.dylib at 0x000000016adfc000


Registers:
 x0=0x000000029452a348  x1=0x0000000000000000  x2=0xfffffffffffffff0  x3=0x00000001407268b0
 x4=0x0000000140726840  x5=0x0000000000000000  x6=0x0000000000000001  x7=0x0000000000000000
 x8=0x000000029452ab40  x9=0x0000000140726bb8 x10=0x000000029452ab10 x11=0x0000000008000000
x12=0x0000000008000000 x13=0x0000000018000000 x14=0x000000016b77ed33 x15=0x0000000000000002
x16=0x00000001be25cdc0 x17=0x00006000026f8cf0 x18=0x0000000000000000 x19=0x000000029452a348
x20=0x0000000000000001 x21=0x0000000000000000 x22=0x000000016b7c74d6 x23=0x000000016b5930a4
x24=0x000000029452a468 x25=0x000000016b593038 x26=0x000000029452a5c8 x27=0x000000016b8fb407
x28=0x000000016b593038  fp=0x000000029452a300  lr=0x000000016b0262ec  sp=0x00000002945297e0
pc=0x000000016b6e4148 cpsr=0x0000000080001000
Top of Stack: (sp=0x00000002945297e0)
0x00000002945297e0:   0000000000000000 0000000000000000
0x00000002945297f0:   0000000000000000 0000000000000000
0x0000000294529800:   0000000000000000 0000000000000000
0x0000000294529810:   0000000000000000 0000000000000000
0x0000000294529820:   0000000000000000 0000000000000000
0x0000000294529830:   0000000000000000 0000000000000000
0x0000000294529840:   0000000000000000 0000000000000000
0x0000000294529850:   0000000000000000 0000000000000000
0x0000000294529860:   0000000000000000 0000000000000000
0x0000000294529870:   0000000000000000 0000000000000000
0x0000000294529880:   0000000000000000 0000000000000000
0x0000000294529890:   0000000000000000 0000000000000000
0x00000002945298a0:   0000000000000000 0000000000000000
0x00000002945298b0:   0000000000000000 0000000000000000
0x00000002945298c0:   0000000000000000 0000000000000000
0x00000002945298d0:   0000000000000000 0000000000000000
0x00000002945298e0:   0000000000000000 0000000000000000
0x00000002945298f0:   0000000000000000 0000000000000000
0x0000000294529900:   0000000000000000 0000000000000000
0x0000000294529910:   0000000000000000 0000000000000000
0x0000000294529920:   0000000000000000 0000000000000000
0x0000000294529930:   0000000000000000 0000000000000000
0x0000000294529940:   0000000000000000 0000000000000000
0x0000000294529950:   0000000000000000 0000000000000000
0x0000000294529960:   0000000000000000 0000000000000000
0x0000000294529970:   0000000000000000 0000000000000000
0x0000000294529980:   0000000000000000 0000000000000000
0x0000000294529990:   0000000000000000 0000000000000000
0x00000002945299a0:   0000000000000000 0000000000000000
0x00000002945299b0:   0000000000000000 0000000000000000
0x00000002945299c0:   0000000000000000 0000000000000000
0x00000002945299d0:   0000000000000000 0000000000000000 

Instructions: (pc=0x000000016b6e4148)
0x000000016b6e4048:   